[debug] [2019-04-26T10:40:10.502Z] ----------------------------------------------------------------------
[debug] [2019-04-26T10:40:10.504Z] Command:       /usr/bin/node /usr/local/bin/firebase deploy
[debug] [2019-04-26T10:40:10.504Z] CLI Version:   6.6.0
[debug] [2019-04-26T10:40:10.504Z] Platform:      linux
[debug] [2019-04-26T10:40:10.504Z] Node Version:  v8.10.0
[debug] [2019-04-26T10:40:10.504Z] Time:          Fri Apr 26 2019 12:40:10 GMT+0200 (CEST)
[debug] [2019-04-26T10:40:10.504Z] ----------------------------------------------------------------------
[debug] 
[debug] [2019-04-26T10:40:10.510Z] > command requires scopes: ["email","openid","https://www.googleapis.com/auth/cloudplatformprojects.readonly","https://www.googleapis.com/auth/firebase","https://www.googleapis.com/auth/cloud-platform"]
[debug] [2019-04-26T10:40:10.510Z] > authorizing via signed-in user
[debug] [2019-04-26T10:40:10.510Z] [iam] checking project postit-a38b6 for permissions ["cloudfunctions.functions.create","cloudfunctions.functions.delete","cloudfunctions.functions.get","cloudfunctions.functions.list","cloudfunctions.functions.update","cloudfunctions.operations.get","firebase.projects.get","firebasehosting.sites.update"]
[debug] [2019-04-26T10:40:10.512Z] > refreshing access token with scopes: ["email","https://www.googleapis.com/auth/cloud-platform","https://www.googleapis.com/auth/cloudplatformprojects.readonly","https://www.googleapis.com/auth/firebase","openid"]
[debug] [2019-04-26T10:40:10.512Z] >>> HTTP REQUEST POST https://www.googleapis.com/oauth2/v3/token  
 <request body omitted>
[debug] [2019-04-26T10:40:10.751Z] <<< HTTP RESPONSE 200
[debug] [2019-04-26T10:40:10.756Z] >>> HTTP REQUEST POST https://cloudresourcemanager.googleapis.com/v1/projects/postit-a38b6:testIamPermissions  

[debug] [2019-04-26T10:40:11.702Z] <<< HTTP RESPONSE 200
[debug] [2019-04-26T10:40:11.704Z] >>> HTTP REQUEST GET https://firebase.googleapis.com/v1beta1/projects/postit-a38b6  
 
[debug] [2019-04-26T10:40:12.032Z] <<< HTTP RESPONSE 200
[info] 
[info] === Deploying to 'postit-a38b6'...
[info] 
[info] i  deploying functions, hosting
[debug] [2019-04-26T10:40:13.147Z] > [functions] package.json contents: {
  "name": "functions",
  "description": "Cloud Functions for Firebase",
  "scripts": {
    "serve": "firebase serve --only functions",
    "shell": "firebase functions:shell",
    "start": "npm run shell",
    "deploy": "firebase deploy --only functions",
    "logs": "firebase functions:log"
  },
  "dependencies": {
    "firebase-admin": "~7.0.0",
    "firebase-functions": "^2.2.0"
  },
  "private": true
}
[info] i  functions: ensuring necessary APIs are enabled...
[debug] [2019-04-26T10:40:13.147Z] >>> HTTP REQUEST GET https://servicemanagement.googleapis.com/v1/services/cloudfunctions.googleapis.com/projectSettings/postit-a38b6?view=CONSUMER_VIEW  
 
[debug] [2019-04-26T10:40:13.148Z] >>> HTTP REQUEST GET https://servicemanagement.googleapis.com/v1/services/runtimeconfig.googleapis.com/projectSettings/postit-a38b6?view=CONSUMER_VIEW  
 
[debug] [2019-04-26T10:40:14.569Z] <<< HTTP RESPONSE 200
[info] ✔  functions: all necessary APIs are enabled
[debug] [2019-04-26T10:40:14.666Z] <<< HTTP RESPONSE 200
[debug] [2019-04-26T10:40:14.666Z] >>> HTTP REQUEST GET https://cloudresourcemanager.googleapis.com/v1/projects/postit-a38b6  
 
[debug] [2019-04-26T10:40:15.546Z] <<< HTTP RESPONSE 200
[debug] [2019-04-26T10:40:15.547Z] >>> HTTP REQUEST GET https://mobilesdk-pa.googleapis.com/v1/projects/514224469915:getServerAppConfig  
 
[debug] [2019-04-26T10:40:15.900Z] <<< HTTP RESPONSE 200
[debug] [2019-04-26T10:40:15.901Z] >>> HTTP REQUEST POST https://firebasehosting.googleapis.com/v1beta1/sites/postit-a38b6/versions  

